<?xml version="1.0" encoding="UTF-8"?>
<testng-results ignored="0" total="2" passed="2" failed="0" skipped="0">
  <reporter-output>
  </reporter-output>
  <suite started-at="2025-05-04T19:46:05 IST" name="Default suite" finished-at="2025-05-04T19:46:36 IST" duration-ms="31892">
    <groups>
    </groups>
    <test started-at="2025-05-04T19:46:05 IST" name="Default test" finished-at="2025-05-04T19:46:36 IST" duration-ms="31892">
      <class name="com.opencart.testcases.PriceBsedPhoneSelector">
        <test-method is-config="true" signature="setupConnections()[pri:0, instance:com.opencart.testcases.PriceBsedPhoneSelector@71a8adcf]" started-at="2025-05-04T19:46:05 IST" name="setupConnections" finished-at="2025-05-04T19:46:17 IST" duration-ms="12533" status="PASS">
          <reporter-output>
          </reporter-output>
        </test-method> <!-- setupConnections -->
        <test-method signature="addingHighPricePhoneToCart()[pri:0, instance:com.opencart.testcases.PriceBsedPhoneSelector@71a8adcf]" started-at="2025-05-04T19:46:17 IST" name="addingHighPricePhoneToCart" finished-at="2025-05-04T19:46:24 IST" duration-ms="6870" status="PASS">
          <reporter-output>
          </reporter-output>
        </test-method> <!-- addingHighPricePhoneToCart -->
        <test-method is-config="true" signature="setupConnections()[pri:0, instance:com.opencart.testcases.PriceBsedPhoneSelector@71a8adcf]" started-at="2025-05-04T19:46:24 IST" name="setupConnections" finished-at="2025-05-04T19:46:30 IST" duration-ms="5404" status="PASS">
          <reporter-output>
          </reporter-output>
        </test-method> <!-- setupConnections -->
        <test-method signature="addingLowPricePhoneTocart()[pri:0, instance:com.opencart.testcases.PriceBsedPhoneSelector@71a8adcf]" started-at="2025-05-04T19:46:30 IST" name="addingLowPricePhoneTocart" finished-at="2025-05-04T19:46:36 IST" duration-ms="6781" status="PASS">
          <reporter-output>
          </reporter-output>
        </test-method> <!-- addingLowPricePhoneTocart -->
      </class> <!-- com.opencart.testcases.PriceBsedPhoneSelector -->
    </test> <!-- Default test -->
  </suite> <!-- Default suite -->
</testng-results>
