<?xml version="1.0" encoding="UTF-8"?>
<!-- Generated by org.testng.reporters.JUnitXMLReporter -->
<testsuite ignored="0" hostname="LAPTOP-N7NAH9MI" failures="0" tests="2" name="Default test" time="29.777" errors="0" timestamp="2025-05-04T20:16:24 IST">
  <testcase classname="com.opencart.testcases.PriceBsedPhoneSelector" name="addingHighPricePhoneToCart" time="7.516"/>
  <testcase classname="com.opencart.testcases.PriceBsedPhoneSelector" name="addingLowPricePhoneTocart" time="6.99"/>
</testsuite> <!-- Default test -->
