<?xml version="1.0" encoding="UTF-8"?>
<!-- Generated by org.testng.reporters.JUnitXMLReporter -->
<testsuite ignored="0" hostname="LAPTOP-N7NAH9MI" failures="0" tests="2" name="Default test" time="31.892" errors="0" timestamp="2025-05-04T19:46:36 IST">
  <testcase classname="com.opencart.testcases.PriceBsedPhoneSelector" name="addingHighPricePhoneToCart" time="6.87"/>
  <testcase classname="com.opencart.testcases.PriceBsedPhoneSelector" name="addingLowPricePhoneTocart" time="6.781"/>
</testsuite> <!-- Default test -->
